<?xml version="1.0" encoding="UTF-8"?>
<testsuite name="com.example.project.TipCalculatorTest" tests="3" skipped="0" failures="0" errors="0" timestamp="2024-09-20T04:31:57" hostname="codespaces-13d1f0" time="0.095">
  <properties/>
  <testcase name="testCalculateTip2()" classname="com.example.project.TipCalculatorTest" time="0.073"/>
  <testcase name="testCalculateTip3()" classname="com.example.project.TipCalculatorTest" time="0.009"/>
  <testcase name="testCalculateTip()" classname="com.example.project.TipCalculatorTest" time="0.001"/>
  <system-out><![CDATA[]]></system-out>
  <system-err><![CDATA[]]></system-err>
</testsuite>
